00:03:16.690 INFO [GridLauncherV3.parse] - Selenium server version: 3.141.59, revision: e82be7d358
00:03:16.761 INFO [GridLauncherV3.lambda$buildLaunchers$3] - Launching a standalone Selenium Server on port 5858
2022-05-19 00:03:16.801:INFO::main: Logging initialized @305ms to org.seleniumhq.jetty9.util.log.StdErrLog
00:03:16.989 INFO [WebDriverServlet.<init>] - Initialising WebDriverServlet
00:03:17.213 INFO [SeleniumServer.boot] - Selenium Server is up and running on port 5858
00:03:17.522 INFO [ActiveSessionFactory.apply] - Capabilities are: {
  "browserName": "chrome",
  "goog:chromeOptions": {
    "w3c": false,
    "args": [
      "window-size=1920,1080"
    ]
  },
  "name": "Focus And Execute\\test Starter"
}
00:03:17.523 INFO [ActiveSessionFactory.lambda$apply$11] - Matched factory org.openqa.selenium.grid.session.remote.ServicedSession$Factory (provider: org.openqa.selenium.chrome.ChromeDriverService)
Starting ChromeDriver 100.0.4896.60 (6a5d10861ce8de5fce22564658033b43cb7de047-refs/branch-heads/4896@{#875}) on port 27071
Only local connections are allowed.
Please see https://chromedriver.chromium.org/security-considerations for suggestions on keeping ChromeDriver safe.
ChromeDriver was started successfully.
[1652940199.041][WARNING]: This version of ChromeDriver has not been tested with Chrome version 101.
00:03:19.072 INFO [ProtocolHandshake.createSession] - Detected dialect: OSS
00:03:19.361 INFO [RemoteSession$Factory.lambda$performHandshake$0] - Started new session c9150d2f8939ec73df17d8d6f996d00e (org.openqa.selenium.chrome.ChromeDriverService)
00:03:25.810 INFO [ActiveSessions$1.onStop] - Removing session c9150d2f8939ec73df17d8d6f996d00e (org.openqa.selenium.chrome.ChromeDriverService)
